  main.cpp
d:\mrgrek\visualprojects\snippets\snippets\sedist\sedist\main.cpp(21): warning C4305: инициализация: усечение из "double" в "float"
d:\mrgrek\visualprojects\snippets\snippets\sedist\sedist\main.cpp(51): warning C4305: =: усечение из "double" в "float"
d:\mrgrek\visualprojects\snippets\snippets\sedist\sedist\main.cpp(56): warning C4305: =: усечение из "double" в "float"
d:\mrgrek\visualprojects\snippets\snippets\sedist\sedist\main.cpp(64): warning C4554: "&": проверьте приоритет операторов на ошибки; для уточнения приоритета используйте скобки
d:\mrgrek\visualprojects\snippets\snippets\sedist\sedist\main.cpp(92): warning C4244: аргумент: преобразование "time_t" в "unsigned int", возможна потеря данных
d:\mrgrek\visualprojects\snippets\snippets\sedist\sedist\main.cpp(111): warning C4244: аргумент: преобразование "T" в "float", возможна потеря данных
          with
          [
              T=unsigned int
          ]
d:\mrgrek\visualprojects\snippets\snippets\sedist\sedist\main.cpp(245): warning C4244: аргумент: преобразование "int" в "float", возможна потеря данных
d:\mrgrek\visualprojects\snippets\snippets\sedist\sedist\main.cpp(249): warning C4244: аргумент: преобразование "int" в "float", возможна потеря данных
d:\mrgrek\visualprojects\snippets\snippets\sedist\sedist\main.cpp(254): warning C4244: аргумент: преобразование "int" в "float", возможна потеря данных
d:\mrgrek\visualprojects\snippets\snippets\sedist\sedist\main.cpp(262): warning C4244: аргумент: преобразование "int" в "float", возможна потеря данных
d:\mrgrek\visualprojects\snippets\snippets\sedist\sedist\main.cpp(266): warning C4244: аргумент: преобразование "int" в "float", возможна потеря данных
d:\mrgrek\visualprojects\snippets\snippets\sedist\sedist\main.cpp(273): warning C4244: аргумент: преобразование "int" в "float", возможна потеря данных
d:\mrgrek\visualprojects\snippets\snippets\sedist\sedist\main.cpp(279): warning C4244: аргумент: преобразование "int" в "float", возможна потеря данных
d:\mrgrek\visualprojects\snippets\snippets\sedist\sedist\main.cpp(295): warning C4244: аргумент: преобразование "T" в "float", возможна потеря данных
          with
          [
              T=unsigned int
          ]
  Создание кода
  2 of 132 functions ( 1.5%) were compiled, the rest were copied from previous compilation.
    0 functions were new in current compilation
    0 functions had inline decision re-evaluated but remain unchanged
  Создание кода завершено
  Sedist.vcxproj -> D:\MrGrek\VisualProjects\snippets\snippets\Sedist\x64\Release\Sedist.exe
