  gameOver.cpp
d:\mrgrek\visualprojects\snippets\snippets\sedist\sedist\gameover.cpp(23): warning C4244: аргумент: преобразование "double" в "T", возможна потеря данных
          with
          [
              T=float
          ]
d:\mrgrek\visualprojects\snippets\snippets\sedist\sedist\gameover.cpp(28): warning C4244: аргумент: преобразование "double" в "T", возможна потеря данных
          with
          [
              T=float
          ]
  helper.cpp
  main.cpp
d:\mrgrek\visualprojects\snippets\snippets\sedist\sedist\main.cpp(21): warning C4305: инициализация: усечение из "double" в "float"
d:\mrgrek\visualprojects\snippets\snippets\sedist\sedist\main.cpp(51): warning C4305: =: усечение из "double" в "float"
d:\mrgrek\visualprojects\snippets\snippets\sedist\sedist\main.cpp(56): warning C4305: =: усечение из "double" в "float"
d:\mrgrek\visualprojects\snippets\snippets\sedist\sedist\main.cpp(64): warning C4554: "&": проверьте приоритет операторов на ошибки; для уточнения приоритета используйте скобки
d:\mrgrek\visualprojects\snippets\snippets\sedist\sedist\main.cpp(92): warning C4244: аргумент: преобразование "time_t" в "unsigned int", возможна потеря данных
d:\mrgrek\visualprojects\snippets\snippets\sedist\sedist\main.cpp(111): warning C4244: аргумент: преобразование "T" в "float", возможна потеря данных
          with
          [
              T=unsigned int
          ]
d:\mrgrek\visualprojects\snippets\snippets\sedist\sedist\main.cpp(245): warning C4244: аргумент: преобразование "int" в "float", возможна потеря данных
d:\mrgrek\visualprojects\snippets\snippets\sedist\sedist\main.cpp(249): warning C4244: аргумент: преобразование "int" в "float", возможна потеря данных
d:\mrgrek\visualprojects\snippets\snippets\sedist\sedist\main.cpp(254): warning C4244: аргумент: преобразование "int" в "float", возможна потеря данных
d:\mrgrek\visualprojects\snippets\snippets\sedist\sedist\main.cpp(262): warning C4244: аргумент: преобразование "int" в "float", возможна потеря данных
d:\mrgrek\visualprojects\snippets\snippets\sedist\sedist\main.cpp(266): warning C4244: аргумент: преобразование "int" в "float", возможна потеря данных
d:\mrgrek\visualprojects\snippets\snippets\sedist\sedist\main.cpp(273): warning C4244: аргумент: преобразование "int" в "float", возможна потеря данных
d:\mrgrek\visualprojects\snippets\snippets\sedist\sedist\main.cpp(279): warning C4244: аргумент: преобразование "int" в "float", возможна потеря данных
d:\mrgrek\visualprojects\snippets\snippets\sedist\sedist\main.cpp(295): warning C4244: аргумент: преобразование "T" в "float", возможна потеря данных
          with
          [
              T=unsigned int
          ]
  menu.cpp
  menuWindow.cpp
  playWindow.cpp
  Создание кода...
sfml-graphics-d.lib(sfml-graphics-d-2.dll) : fatal error LNK1112: тип компьютера модуля "x64" противоречит типу целевого компьютера "x86"
C:\Program Files (x86)\Microsoft Visual Studio\2017\Community\Common7\IDE\VC\VCTargets\Microsoft.CppCommon.targets(720,5): error MSB6006: "link.exe" завершилась с кодом 1112.
