  main.cpp
d:\mrgrek\visualprojects\snippets-master\sedist\sedist\main.cpp(20): warning C4305: инициализация: усечение из "double" в "float"
d:\mrgrek\visualprojects\snippets-master\sedist\sedist\main.cpp(59): warning C4305: =: усечение из "double" в "float"
d:\mrgrek\visualprojects\snippets-master\sedist\sedist\main.cpp(64): warning C4305: =: усечение из "double" в "float"
d:\mrgrek\visualprojects\snippets-master\sedist\sedist\main.cpp(72): warning C4554: "&": проверьте приоритет операторов на ошибки; для уточнения приоритета используйте скобки
d:\mrgrek\visualprojects\snippets-master\sedist\sedist\main.cpp(100): warning C4244: аргумент: преобразование "time_t" в "unsigned int", возможна потеря данных
d:\mrgrek\visualprojects\snippets-master\sedist\sedist\main.cpp(104): warning C4244: аргумент: преобразование "T" в "float", возможна потеря данных
          with
          [
              T=unsigned int
          ]
d:\mrgrek\visualprojects\snippets-master\sedist\sedist\main.cpp(253): warning C4244: аргумент: преобразование "int" в "float", возможна потеря данных
d:\mrgrek\visualprojects\snippets-master\sedist\sedist\main.cpp(257): warning C4244: аргумент: преобразование "int" в "float", возможна потеря данных
d:\mrgrek\visualprojects\snippets-master\sedist\sedist\main.cpp(262): warning C4244: аргумент: преобразование "int" в "float", возможна потеря данных
d:\mrgrek\visualprojects\snippets-master\sedist\sedist\main.cpp(270): warning C4244: аргумент: преобразование "int" в "float", возможна потеря данных
d:\mrgrek\visualprojects\snippets-master\sedist\sedist\main.cpp(274): warning C4244: аргумент: преобразование "int" в "float", возможна потеря данных
d:\mrgrek\visualprojects\snippets-master\sedist\sedist\main.cpp(281): warning C4244: аргумент: преобразование "int" в "float", возможна потеря данных
d:\mrgrek\visualprojects\snippets-master\sedist\sedist\main.cpp(287): warning C4244: аргумент: преобразование "int" в "float", возможна потеря данных
d:\mrgrek\visualprojects\snippets-master\sedist\sedist\main.cpp(303): warning C4244: аргумент: преобразование "T" в "float", возможна потеря данных
          with
          [
              T=unsigned int
          ]
  Sedist.vcxproj -> D:\MrGrek\VisualProjects\snippets-master\Sedist\x64\Debug\Sedist.exe
